The system is: Linux - 4.16.10-1-ARCH - x86_64
Compiling the C compiler identification source file "CMakeCCompilerId.c" succeeded.
Compiler: /usr/bin/clang 
Build flags: 
Id flags:  

The output was:
0


Compilation of the C compiler identification source "CMakeCCompilerId.c" produced "a.out"

The C compiler identification is Clang, found in "/home/l/CLionProjects/Mandelbrot Server/cmake-build-debug/CMakeFiles/3.11.2/CompilerIdC/a.out"

Compiling the CXX compiler identification source file "CMakeCXXCompilerId.cpp" succeeded.
Compiler: /usr/bin/clang++ 
Build flags: 
Id flags:  

The output was:
0


Compilation of the CXX compiler identification source "CMakeCXXCompilerId.cpp" produced "a.out"

The CXX compiler identification is Clang, found in "/home/l/CLionProjects/Mandelbrot Server/cmake-build-debug/CMakeFiles/3.11.2/CompilerIdCXX/a.out"

Determining if the C compiler works passed with the following output:
Change Dir: /home/l/CLionProjects/Mandelbrot Server/cmake-build-debug/CMakeFiles/CMakeTmp

Run Build Command:"/usr/bin/make" "cmTC_83842/fast"
/usr/bin/make -f CMakeFiles/cmTC_83842.dir/build.make CMakeFiles/cmTC_83842.dir/build
make[1]: Verzeichnis „/home/l/CLionProjects/Mandelbrot Server/cmake-build-debug/CMakeFiles/CMakeTmp“ wird betreten
Building C object CMakeFiles/cmTC_83842.dir/testCCompiler.c.o
/usr/bin/clang    -o CMakeFiles/cmTC_83842.dir/testCCompiler.c.o   -c "/home/l/CLionProjects/Mandelbrot Server/cmake-build-debug/CMakeFiles/CMakeTmp/testCCompiler.c"
Linking C executable cmTC_83842
/home/l/.local/share/JetBrains/Toolbox/apps/CLion/ch-0/182.2574.4/bin/cmake/bin/cmake -E cmake_link_script CMakeFiles/cmTC_83842.dir/link.txt --verbose=1
/usr/bin/clang      CMakeFiles/cmTC_83842.dir/testCCompiler.c.o  -o cmTC_83842 
make[1]: Verzeichnis „/home/l/CLionProjects/Mandelbrot Server/cmake-build-debug/CMakeFiles/CMakeTmp“ wird verlassen


Detecting C compiler ABI info compiled with the following output:
Change Dir: /home/l/CLionProjects/Mandelbrot Server/cmake-build-debug/CMakeFiles/CMakeTmp

Run Build Command:"/usr/bin/make" "cmTC_1970f/fast"
/usr/bin/make -f CMakeFiles/cmTC_1970f.dir/build.make CMakeFiles/cmTC_1970f.dir/build
make[1]: Verzeichnis „/home/l/CLionProjects/Mandelbrot Server/cmake-build-debug/CMakeFiles/CMakeTmp“ wird betreten
Building C object CMakeFiles/cmTC_1970f.dir/CMakeCCompilerABI.c.o
/usr/bin/clang    -o CMakeFiles/cmTC_1970f.dir/CMakeCCompilerABI.c.o   -c /home/l/.local/share/JetBrains/Toolbox/apps/CLion/ch-0/182.2574.4/bin/cmake/share/cmake-3.11/Modules/CMakeCCompilerABI.c
Linking C executable cmTC_1970f
/home/l/.local/share/JetBrains/Toolbox/apps/CLion/ch-0/182.2574.4/bin/cmake/bin/cmake -E cmake_link_script CMakeFiles/cmTC_1970f.dir/link.txt --verbose=1
/usr/bin/clang     -v CMakeFiles/cmTC_1970f.dir/CMakeCCompilerABI.c.o  -o cmTC_1970f 
clang version 6.0.0 (tags/RELEASE_600/final)
Target: x86_64-pc-linux-gnu
Thread model: posix
InstalledDir: /usr/bin
Found candidate GCC installation: /usr/bin/../lib/gcc/x86_64-pc-linux-gnu/8.1.0
Found candidate GCC installation: /usr/bin/../lib64/gcc/x86_64-pc-linux-gnu/8.1.0
Found candidate GCC installation: /usr/lib/gcc/x86_64-pc-linux-gnu/8.1.0
Found candidate GCC installation: /usr/lib64/gcc/x86_64-pc-linux-gnu/8.1.0
Selected GCC installation: /usr/bin/../lib64/gcc/x86_64-pc-linux-gnu/8.1.0
Candidate multilib: .;@m64
Candidate multilib: 32;@m32
Selected multilib: .;@m64
 "/usr/bin/ld" -pie --eh-frame-hdr -m elf_x86_64 -dynamic-linker /lib64/ld-linux-x86-64.so.2 -o cmTC_1970f /usr/bin/../lib64/gcc/x86_64-pc-linux-gnu/8.1.0/../../../../lib64/Scrt1.o /usr/bin/../lib64/gcc/x86_64-pc-linux-gnu/8.1.0/../../../../lib64/crti.o /usr/bin/../lib64/gcc/x86_64-pc-linux-gnu/8.1.0/crtbeginS.o -L/usr/bin/../lib64/gcc/x86_64-pc-linux-gnu/8.1.0 -L/usr/bin/../lib64/gcc/x86_64-pc-linux-gnu/8.1.0/../../../../lib64 -L/usr/bin/../lib64 -L/lib/../lib64 -L/usr/lib/../lib64 -L/usr/bin/../lib64/gcc/x86_64-pc-linux-gnu/8.1.0/../../.. -L/usr/bin/../lib -L/lib -L/usr/lib CMakeFiles/cmTC_1970f.dir/CMakeCCompilerABI.c.o -lgcc --as-needed -lgcc_s --no-as-needed -lc -lgcc --as-needed -lgcc_s --no-as-needed /usr/bin/../lib64/gcc/x86_64-pc-linux-gnu/8.1.0/crtendS.o /usr/bin/../lib64/gcc/x86_64-pc-linux-gnu/8.1.0/../../../../lib64/crtn.o
make[1]: Verzeichnis „/home/l/CLionProjects/Mandelbrot Server/cmake-build-debug/CMakeFiles/CMakeTmp“ wird verlassen


Parsed C implicit link information from above output:
  link line regex: [^( *|.*[/\])(ld|CMAKE_LINK_STARTFILE-NOTFOUND|([^/\]+-)?ld|collect2)[^/\]*( |$)]
  ignore line: [Change Dir: /home/l/CLionProjects/Mandelbrot Server/cmake-build-debug/CMakeFiles/CMakeTmp]
  ignore line: []
  ignore line: [Run Build Command:"/usr/bin/make" "cmTC_1970f/fast"]
  ignore line: [/usr/bin/make -f CMakeFiles/cmTC_1970f.dir/build.make CMakeFiles/cmTC_1970f.dir/build]
  ignore line: [make[1]: Verzeichnis „/home/l/CLionProjects/Mandelbrot Server/cmake-build-debug/CMakeFiles/CMakeTmp“ wird betreten]
  ignore line: [Building C object CMakeFiles/cmTC_1970f.dir/CMakeCCompilerABI.c.o]
  ignore line: [/usr/bin/clang    -o CMakeFiles/cmTC_1970f.dir/CMakeCCompilerABI.c.o   -c /home/l/.local/share/JetBrains/Toolbox/apps/CLion/ch-0/182.2574.4/bin/cmake/share/cmake-3.11/Modules/CMakeCCompilerABI.c]
  ignore line: [Linking C executable cmTC_1970f]
  ignore line: [/home/l/.local/share/JetBrains/Toolbox/apps/CLion/ch-0/182.2574.4/bin/cmake/bin/cmake -E cmake_link_script CMakeFiles/cmTC_1970f.dir/link.txt --verbose=1]
  ignore line: [/usr/bin/clang     -v CMakeFiles/cmTC_1970f.dir/CMakeCCompilerABI.c.o  -o cmTC_1970f ]
  ignore line: [clang version 6.0.0 (tags/RELEASE_600/final)]
  ignore line: [Target: x86_64-pc-linux-gnu]
  ignore line: [Thread model: posix]
  ignore line: [InstalledDir: /usr/bin]
  ignore line: [Found candidate GCC installation: /usr/bin/../lib/gcc/x86_64-pc-linux-gnu/8.1.0]
  ignore line: [Found candidate GCC installation: /usr/bin/../lib64/gcc/x86_64-pc-linux-gnu/8.1.0]
  ignore line: [Found candidate GCC installation: /usr/lib/gcc/x86_64-pc-linux-gnu/8.1.0]
  ignore line: [Found candidate GCC installation: /usr/lib64/gcc/x86_64-pc-linux-gnu/8.1.0]
  ignore line: [Selected GCC installation: /usr/bin/../lib64/gcc/x86_64-pc-linux-gnu/8.1.0]
  ignore line: [Candidate multilib: .]
  ignore line: [@m64]
  ignore line: [Candidate multilib: 32]
  ignore line: [@m32]
  ignore line: [Selected multilib: .]
  ignore line: [@m64]
  link line: [ "/usr/bin/ld" -pie --eh-frame-hdr -m elf_x86_64 -dynamic-linker /lib64/ld-linux-x86-64.so.2 -o cmTC_1970f /usr/bin/../lib64/gcc/x86_64-pc-linux-gnu/8.1.0/../../../../lib64/Scrt1.o /usr/bin/../lib64/gcc/x86_64-pc-linux-gnu/8.1.0/../../../../lib64/crti.o /usr/bin/../lib64/gcc/x86_64-pc-linux-gnu/8.1.0/crtbeginS.o -L/usr/bin/../lib64/gcc/x86_64-pc-linux-gnu/8.1.0 -L/usr/bin/../lib64/gcc/x86_64-pc-linux-gnu/8.1.0/../../../../lib64 -L/usr/bin/../lib64 -L/lib/../lib64 -L/usr/lib/../lib64 -L/usr/bin/../lib64/gcc/x86_64-pc-linux-gnu/8.1.0/../../.. -L/usr/bin/../lib -L/lib -L/usr/lib CMakeFiles/cmTC_1970f.dir/CMakeCCompilerABI.c.o -lgcc --as-needed -lgcc_s --no-as-needed -lc -lgcc --as-needed -lgcc_s --no-as-needed /usr/bin/../lib64/gcc/x86_64-pc-linux-gnu/8.1.0/crtendS.o /usr/bin/../lib64/gcc/x86_64-pc-linux-gnu/8.1.0/../../../../lib64/crtn.o]
    arg [/usr/bin/ld] ==> ignore
    arg [-pie] ==> ignore
    arg [--eh-frame-hdr] ==> ignore
    arg [-m] ==> ignore
    arg [elf_x86_64] ==> ignore
    arg [-dynamic-linker] ==> ignore
    arg [/lib64/ld-linux-x86-64.so.2] ==> ignore
    arg [-o] ==> ignore
    arg [cmTC_1970f] ==> ignore
    arg [/usr/bin/../lib64/gcc/x86_64-pc-linux-gnu/8.1.0/../../../../lib64/Scrt1.o] ==> ignore
    arg [/usr/bin/../lib64/gcc/x86_64-pc-linux-gnu/8.1.0/../../../../lib64/crti.o] ==> ignore
    arg [/usr/bin/../lib64/gcc/x86_64-pc-linux-gnu/8.1.0/crtbeginS.o] ==> ignore
    arg [-L/usr/bin/../lib64/gcc/x86_64-pc-linux-gnu/8.1.0] ==> dir [/usr/bin/../lib64/gcc/x86_64-pc-linux-gnu/8.1.0]
    arg [-L/usr/bin/../lib64/gcc/x86_64-pc-linux-gnu/8.1.0/../../../../lib64] ==> dir [/usr/bin/../lib64/gcc/x86_64-pc-linux-gnu/8.1.0/../../../../lib64]
    arg [-L/usr/bin/../lib64] ==> dir [/usr/bin/../lib64]
    arg [-L/lib/../lib64] ==> dir [/lib/../lib64]
    arg [-L/usr/lib/../lib64] ==> dir [/usr/lib/../lib64]
    arg [-L/usr/bin/../lib64/gcc/x86_64-pc-linux-gnu/8.1.0/../../..] ==> dir [/usr/bin/../lib64/gcc/x86_64-pc-linux-gnu/8.1.0/../../..]
    arg [-L/usr/bin/../lib] ==> dir [/usr/bin/../lib]
    arg [-L/lib] ==> dir [/lib]
    arg [-L/usr/lib] ==> dir [/usr/lib]
    arg [CMakeFiles/cmTC_1970f.dir/CMakeCCompilerABI.c.o] ==> ignore
    arg [-lgcc] ==> lib [gcc]
    arg [--as-needed] ==> ignore
    arg [-lgcc_s] ==> lib [gcc_s]
    arg [--no-as-needed] ==> ignore
    arg [-lc] ==> lib [c]
    arg [-lgcc] ==> lib [gcc]
    arg [--as-needed] ==> ignore
    arg [-lgcc_s] ==> lib [gcc_s]
    arg [--no-as-needed] ==> ignore
    arg [/usr/bin/../lib64/gcc/x86_64-pc-linux-gnu/8.1.0/crtendS.o] ==> ignore
    arg [/usr/bin/../lib64/gcc/x86_64-pc-linux-gnu/8.1.0/../../../../lib64/crtn.o] ==> ignore
  collapse library dir [/usr/bin/../lib64/gcc/x86_64-pc-linux-gnu/8.1.0] ==> [/usr/lib64/gcc/x86_64-pc-linux-gnu/8.1.0]
  collapse library dir [/usr/bin/../lib64/gcc/x86_64-pc-linux-gnu/8.1.0/../../../../lib64] ==> [/usr/lib64]
  collapse library dir [/usr/bin/../lib64] ==> [/usr/lib64]
  collapse library dir [/lib/../lib64] ==> [/lib64]
  collapse library dir [/usr/lib/../lib64] ==> [/usr/lib64]
  collapse library dir [/usr/bin/../lib64/gcc/x86_64-pc-linux-gnu/8.1.0/../../..] ==> [/usr/lib64]
  collapse library dir [/usr/bin/../lib] ==> [/usr/lib]
  collapse library dir [/lib] ==> [/lib]
  collapse library dir [/usr/lib] ==> [/usr/lib]
  implicit libs: [gcc;gcc_s;c;gcc;gcc_s]
  implicit dirs: [/usr/lib64/gcc/x86_64-pc-linux-gnu/8.1.0;/usr/lib64;/lib64;/usr/lib;/lib]
  implicit fwks: []




Detecting C [-std=c11] compiler features compiled with the following output:
Change Dir: /home/l/CLionProjects/Mandelbrot Server/cmake-build-debug/CMakeFiles/CMakeTmp

Run Build Command:"/usr/bin/make" "cmTC_6d979/fast"
/usr/bin/make -f CMakeFiles/cmTC_6d979.dir/build.make CMakeFiles/cmTC_6d979.dir/build
make[1]: Verzeichnis „/home/l/CLionProjects/Mandelbrot Server/cmake-build-debug/CMakeFiles/CMakeTmp“ wird betreten
Building C object CMakeFiles/cmTC_6d979.dir/feature_tests.c.o
/usr/bin/clang   -std=c11 -o CMakeFiles/cmTC_6d979.dir/feature_tests.c.o   -c "/home/l/CLionProjects/Mandelbrot Server/cmake-build-debug/CMakeFiles/feature_tests.c"
Linking C executable cmTC_6d979
/home/l/.local/share/JetBrains/Toolbox/apps/CLion/ch-0/182.2574.4/bin/cmake/bin/cmake -E cmake_link_script CMakeFiles/cmTC_6d979.dir/link.txt --verbose=1
/usr/bin/clang      CMakeFiles/cmTC_6d979.dir/feature_tests.c.o  -o cmTC_6d979 
make[1]: Verzeichnis „/home/l/CLionProjects/Mandelbrot Server/cmake-build-debug/CMakeFiles/CMakeTmp“ wird verlassen


    Feature record: C_FEATURE:1c_function_prototypes
    Feature record: C_FEATURE:1c_restrict
    Feature record: C_FEATURE:1c_static_assert
    Feature record: C_FEATURE:1c_variadic_macros


Detecting C [-std=c99] compiler features compiled with the following output:
Change Dir: /home/l/CLionProjects/Mandelbrot Server/cmake-build-debug/CMakeFiles/CMakeTmp

Run Build Command:"/usr/bin/make" "cmTC_25927/fast"
/usr/bin/make -f CMakeFiles/cmTC_25927.dir/build.make CMakeFiles/cmTC_25927.dir/build
make[1]: Verzeichnis „/home/l/CLionProjects/Mandelbrot Server/cmake-build-debug/CMakeFiles/CMakeTmp“ wird betreten
Building C object CMakeFiles/cmTC_25927.dir/feature_tests.c.o
/usr/bin/clang   -std=c99 -o CMakeFiles/cmTC_25927.dir/feature_tests.c.o   -c "/home/l/CLionProjects/Mandelbrot Server/cmake-build-debug/CMakeFiles/feature_tests.c"
Linking C executable cmTC_25927
/home/l/.local/share/JetBrains/Toolbox/apps/CLion/ch-0/182.2574.4/bin/cmake/bin/cmake -E cmake_link_script CMakeFiles/cmTC_25927.dir/link.txt --verbose=1
/usr/bin/clang      CMakeFiles/cmTC_25927.dir/feature_tests.c.o  -o cmTC_25927 
make[1]: Verzeichnis „/home/l/CLionProjects/Mandelbrot Server/cmake-build-debug/CMakeFiles/CMakeTmp“ wird verlassen


    Feature record: C_FEATURE:1c_function_prototypes
    Feature record: C_FEATURE:1c_restrict
    Feature record: C_FEATURE:0c_static_assert
    Feature record: C_FEATURE:1c_variadic_macros


Detecting C [-std=c90] compiler features compiled with the following output:
Change Dir: /home/l/CLionProjects/Mandelbrot Server/cmake-build-debug/CMakeFiles/CMakeTmp

Run Build Command:"/usr/bin/make" "cmTC_2a698/fast"
/usr/bin/make -f CMakeFiles/cmTC_2a698.dir/build.make CMakeFiles/cmTC_2a698.dir/build
make[1]: Verzeichnis „/home/l/CLionProjects/Mandelbrot Server/cmake-build-debug/CMakeFiles/CMakeTmp“ wird betreten
Building C object CMakeFiles/cmTC_2a698.dir/feature_tests.c.o
/usr/bin/clang   -std=c90 -o CMakeFiles/cmTC_2a698.dir/feature_tests.c.o   -c "/home/l/CLionProjects/Mandelbrot Server/cmake-build-debug/CMakeFiles/feature_tests.c"
Linking C executable cmTC_2a698
/home/l/.local/share/JetBrains/Toolbox/apps/CLion/ch-0/182.2574.4/bin/cmake/bin/cmake -E cmake_link_script CMakeFiles/cmTC_2a698.dir/link.txt --verbose=1
/usr/bin/clang      CMakeFiles/cmTC_2a698.dir/feature_tests.c.o  -o cmTC_2a698 
make[1]: Verzeichnis „/home/l/CLionProjects/Mandelbrot Server/cmake-build-debug/CMakeFiles/CMakeTmp“ wird verlassen


    Feature record: C_FEATURE:1c_function_prototypes
    Feature record: C_FEATURE:0c_restrict
    Feature record: C_FEATURE:0c_static_assert
    Feature record: C_FEATURE:0c_variadic_macros
Determining if the CXX compiler works passed with the following output:
Change Dir: /home/l/CLionProjects/Mandelbrot Server/cmake-build-debug/CMakeFiles/CMakeTmp

Run Build Command:"/usr/bin/make" "cmTC_9bc19/fast"
/usr/bin/make -f CMakeFiles/cmTC_9bc19.dir/build.make CMakeFiles/cmTC_9bc19.dir/build
make[1]: Verzeichnis „/home/l/CLionProjects/Mandelbrot Server/cmake-build-debug/CMakeFiles/CMakeTmp“ wird betreten
Building CXX object CMakeFiles/cmTC_9bc19.dir/testCXXCompiler.cxx.o
/usr/bin/clang++     -o CMakeFiles/cmTC_9bc19.dir/testCXXCompiler.cxx.o -c "/home/l/CLionProjects/Mandelbrot Server/cmake-build-debug/CMakeFiles/CMakeTmp/testCXXCompiler.cxx"
Linking CXX executable cmTC_9bc19
/home/l/.local/share/JetBrains/Toolbox/apps/CLion/ch-0/182.2574.4/bin/cmake/bin/cmake -E cmake_link_script CMakeFiles/cmTC_9bc19.dir/link.txt --verbose=1
/usr/bin/clang++       CMakeFiles/cmTC_9bc19.dir/testCXXCompiler.cxx.o  -o cmTC_9bc19 
make[1]: Verzeichnis „/home/l/CLionProjects/Mandelbrot Server/cmake-build-debug/CMakeFiles/CMakeTmp“ wird verlassen


Detecting CXX compiler ABI info compiled with the following output:
Change Dir: /home/l/CLionProjects/Mandelbrot Server/cmake-build-debug/CMakeFiles/CMakeTmp

Run Build Command:"/usr/bin/make" "cmTC_d4474/fast"
/usr/bin/make -f CMakeFiles/cmTC_d4474.dir/build.make CMakeFiles/cmTC_d4474.dir/build
make[1]: Verzeichnis „/home/l/CLionProjects/Mandelbrot Server/cmake-build-debug/CMakeFiles/CMakeTmp“ wird betreten
Building CXX object CMakeFiles/cmTC_d4474.dir/CMakeCXXCompilerABI.cpp.o
/usr/bin/clang++     -o CMakeFiles/cmTC_d4474.dir/CMakeCXXCompilerABI.cpp.o -c /home/l/.local/share/JetBrains/Toolbox/apps/CLion/ch-0/182.2574.4/bin/cmake/share/cmake-3.11/Modules/CMakeCXXCompilerABI.cpp
Linking CXX executable cmTC_d4474
/home/l/.local/share/JetBrains/Toolbox/apps/CLion/ch-0/182.2574.4/bin/cmake/bin/cmake -E cmake_link_script CMakeFiles/cmTC_d4474.dir/link.txt --verbose=1
/usr/bin/clang++      -v CMakeFiles/cmTC_d4474.dir/CMakeCXXCompilerABI.cpp.o  -o cmTC_d4474 
clang version 6.0.0 (tags/RELEASE_600/final)
Target: x86_64-pc-linux-gnu
Thread model: posix
InstalledDir: /usr/bin
Found candidate GCC installation: /usr/bin/../lib/gcc/x86_64-pc-linux-gnu/8.1.0
Found candidate GCC installation: /usr/bin/../lib64/gcc/x86_64-pc-linux-gnu/8.1.0
Found candidate GCC installation: /usr/lib/gcc/x86_64-pc-linux-gnu/8.1.0
Found candidate GCC installation: /usr/lib64/gcc/x86_64-pc-linux-gnu/8.1.0
Selected GCC installation: /usr/bin/../lib64/gcc/x86_64-pc-linux-gnu/8.1.0
Candidate multilib: .;@m64
Candidate multilib: 32;@m32
Selected multilib: .;@m64
 "/usr/bin/ld" -pie --eh-frame-hdr -m elf_x86_64 -dynamic-linker /lib64/ld-linux-x86-64.so.2 -o cmTC_d4474 /usr/bin/../lib64/gcc/x86_64-pc-linux-gnu/8.1.0/../../../../lib64/Scrt1.o /usr/bin/../lib64/gcc/x86_64-pc-linux-gnu/8.1.0/../../../../lib64/crti.o /usr/bin/../lib64/gcc/x86_64-pc-linux-gnu/8.1.0/crtbeginS.o -L/usr/bin/../lib64/gcc/x86_64-pc-linux-gnu/8.1.0 -L/usr/bin/../lib64/gcc/x86_64-pc-linux-gnu/8.1.0/../../../../lib64 -L/usr/bin/../lib64 -L/lib/../lib64 -L/usr/lib/../lib64 -L/usr/bin/../lib64/gcc/x86_64-pc-linux-gnu/8.1.0/../../.. -L/usr/bin/../lib -L/lib -L/usr/lib CMakeFiles/cmTC_d4474.dir/CMakeCXXCompilerABI.cpp.o -lstdc++ -lm -lgcc_s -lgcc -lc -lgcc_s -lgcc /usr/bin/../lib64/gcc/x86_64-pc-linux-gnu/8.1.0/crtendS.o /usr/bin/../lib64/gcc/x86_64-pc-linux-gnu/8.1.0/../../../../lib64/crtn.o
make[1]: Verzeichnis „/home/l/CLionProjects/Mandelbrot Server/cmake-build-debug/CMakeFiles/CMakeTmp“ wird verlassen


Parsed CXX implicit link information from above output:
  link line regex: [^( *|.*[/\])(ld|CMAKE_LINK_STARTFILE-NOTFOUND|([^/\]+-)?ld|collect2)[^/\]*( |$)]
  ignore line: [Change Dir: /home/l/CLionProjects/Mandelbrot Server/cmake-build-debug/CMakeFiles/CMakeTmp]
  ignore line: []
  ignore line: [Run Build Command:"/usr/bin/make" "cmTC_d4474/fast"]
  ignore line: [/usr/bin/make -f CMakeFiles/cmTC_d4474.dir/build.make CMakeFiles/cmTC_d4474.dir/build]
  ignore line: [make[1]: Verzeichnis „/home/l/CLionProjects/Mandelbrot Server/cmake-build-debug/CMakeFiles/CMakeTmp“ wird betreten]
  ignore line: [Building CXX object CMakeFiles/cmTC_d4474.dir/CMakeCXXCompilerABI.cpp.o]
  ignore line: [/usr/bin/clang++     -o CMakeFiles/cmTC_d4474.dir/CMakeCXXCompilerABI.cpp.o -c /home/l/.local/share/JetBrains/Toolbox/apps/CLion/ch-0/182.2574.4/bin/cmake/share/cmake-3.11/Modules/CMakeCXXCompilerABI.cpp]
  ignore line: [Linking CXX executable cmTC_d4474]
  ignore line: [/home/l/.local/share/JetBrains/Toolbox/apps/CLion/ch-0/182.2574.4/bin/cmake/bin/cmake -E cmake_link_script CMakeFiles/cmTC_d4474.dir/link.txt --verbose=1]
  ignore line: [/usr/bin/clang++      -v CMakeFiles/cmTC_d4474.dir/CMakeCXXCompilerABI.cpp.o  -o cmTC_d4474 ]
  ignore line: [clang version 6.0.0 (tags/RELEASE_600/final)]
  ignore line: [Target: x86_64-pc-linux-gnu]
  ignore line: [Thread model: posix]
  ignore line: [InstalledDir: /usr/bin]
  ignore line: [Found candidate GCC installation: /usr/bin/../lib/gcc/x86_64-pc-linux-gnu/8.1.0]
  ignore line: [Found candidate GCC installation: /usr/bin/../lib64/gcc/x86_64-pc-linux-gnu/8.1.0]
  ignore line: [Found candidate GCC installation: /usr/lib/gcc/x86_64-pc-linux-gnu/8.1.0]
  ignore line: [Found candidate GCC installation: /usr/lib64/gcc/x86_64-pc-linux-gnu/8.1.0]
  ignore line: [Selected GCC installation: /usr/bin/../lib64/gcc/x86_64-pc-linux-gnu/8.1.0]
  ignore line: [Candidate multilib: .]
  ignore line: [@m64]
  ignore line: [Candidate multilib: 32]
  ignore line: [@m32]
  ignore line: [Selected multilib: .]
  ignore line: [@m64]
  link line: [ "/usr/bin/ld" -pie --eh-frame-hdr -m elf_x86_64 -dynamic-linker /lib64/ld-linux-x86-64.so.2 -o cmTC_d4474 /usr/bin/../lib64/gcc/x86_64-pc-linux-gnu/8.1.0/../../../../lib64/Scrt1.o /usr/bin/../lib64/gcc/x86_64-pc-linux-gnu/8.1.0/../../../../lib64/crti.o /usr/bin/../lib64/gcc/x86_64-pc-linux-gnu/8.1.0/crtbeginS.o -L/usr/bin/../lib64/gcc/x86_64-pc-linux-gnu/8.1.0 -L/usr/bin/../lib64/gcc/x86_64-pc-linux-gnu/8.1.0/../../../../lib64 -L/usr/bin/../lib64 -L/lib/../lib64 -L/usr/lib/../lib64 -L/usr/bin/../lib64/gcc/x86_64-pc-linux-gnu/8.1.0/../../.. -L/usr/bin/../lib -L/lib -L/usr/lib CMakeFiles/cmTC_d4474.dir/CMakeCXXCompilerABI.cpp.o -lstdc++ -lm -lgcc_s -lgcc -lc -lgcc_s -lgcc /usr/bin/../lib64/gcc/x86_64-pc-linux-gnu/8.1.0/crtendS.o /usr/bin/../lib64/gcc/x86_64-pc-linux-gnu/8.1.0/../../../../lib64/crtn.o]
    arg [/usr/bin/ld] ==> ignore
    arg [-pie] ==> ignore
    arg [--eh-frame-hdr] ==> ignore
    arg [-m] ==> ignore
    arg [elf_x86_64] ==> ignore
    arg [-dynamic-linker] ==> ignore
    arg [/lib64/ld-linux-x86-64.so.2] ==> ignore
    arg [-o] ==> ignore
    arg [cmTC_d4474] ==> ignore
    arg [/usr/bin/../lib64/gcc/x86_64-pc-linux-gnu/8.1.0/../../../../lib64/Scrt1.o] ==> ignore
    arg [/usr/bin/../lib64/gcc/x86_64-pc-linux-gnu/8.1.0/../../../../lib64/crti.o] ==> ignore
    arg [/usr/bin/../lib64/gcc/x86_64-pc-linux-gnu/8.1.0/crtbeginS.o] ==> ignore
    arg [-L/usr/bin/../lib64/gcc/x86_64-pc-linux-gnu/8.1.0] ==> dir [/usr/bin/../lib64/gcc/x86_64-pc-linux-gnu/8.1.0]
    arg [-L/usr/bin/../lib64/gcc/x86_64-pc-linux-gnu/8.1.0/../../../../lib64] ==> dir [/usr/bin/../lib64/gcc/x86_64-pc-linux-gnu/8.1.0/../../../../lib64]
    arg [-L/usr/bin/../lib64] ==> dir [/usr/bin/../lib64]
    arg [-L/lib/../lib64] ==> dir [/lib/../lib64]
    arg [-L/usr/lib/../lib64] ==> dir [/usr/lib/../lib64]
    arg [-L/usr/bin/../lib64/gcc/x86_64-pc-linux-gnu/8.1.0/../../..] ==> dir [/usr/bin/../lib64/gcc/x86_64-pc-linux-gnu/8.1.0/../../..]
    arg [-L/usr/bin/../lib] ==> dir [/usr/bin/../lib]
    arg [-L/lib] ==> dir [/lib]
    arg [-L/usr/lib] ==> dir [/usr/lib]
    arg [CMakeFiles/cmTC_d4474.dir/CMakeCXXCompilerABI.cpp.o] ==> ignore
    arg [-lstdc++] ==> lib [stdc++]
    arg [-lm] ==> lib [m]
    arg [-lgcc_s] ==> lib [gcc_s]
    arg [-lgcc] ==> lib [gcc]
    arg [-lc] ==> lib [c]
    arg [-lgcc_s] ==> lib [gcc_s]
    arg [-lgcc] ==> lib [gcc]
    arg [/usr/bin/../lib64/gcc/x86_64-pc-linux-gnu/8.1.0/crtendS.o] ==> ignore
    arg [/usr/bin/../lib64/gcc/x86_64-pc-linux-gnu/8.1.0/../../../../lib64/crtn.o] ==> ignore
  collapse library dir [/usr/bin/../lib64/gcc/x86_64-pc-linux-gnu/8.1.0] ==> [/usr/lib64/gcc/x86_64-pc-linux-gnu/8.1.0]
  collapse library dir [/usr/bin/../lib64/gcc/x86_64-pc-linux-gnu/8.1.0/../../../../lib64] ==> [/usr/lib64]
  collapse library dir [/usr/bin/../lib64] ==> [/usr/lib64]
  collapse library dir [/lib/../lib64] ==> [/lib64]
  collapse library dir [/usr/lib/../lib64] ==> [/usr/lib64]
  collapse library dir [/usr/bin/../lib64/gcc/x86_64-pc-linux-gnu/8.1.0/../../..] ==> [/usr/lib64]
  collapse library dir [/usr/bin/../lib] ==> [/usr/lib]
  collapse library dir [/lib] ==> [/lib]
  collapse library dir [/usr/lib] ==> [/usr/lib]
  implicit libs: [stdc++;m;gcc_s;gcc;c;gcc_s;gcc]
  implicit dirs: [/usr/lib64/gcc/x86_64-pc-linux-gnu/8.1.0;/usr/lib64;/lib64;/usr/lib;/lib]
  implicit fwks: []




Detecting CXX [-std=c++1z] compiler features compiled with the following output:
Change Dir: /home/l/CLionProjects/Mandelbrot Server/cmake-build-debug/CMakeFiles/CMakeTmp

Run Build Command:"/usr/bin/make" "cmTC_e8839/fast"
/usr/bin/make -f CMakeFiles/cmTC_e8839.dir/build.make CMakeFiles/cmTC_e8839.dir/build
make[1]: Verzeichnis „/home/l/CLionProjects/Mandelbrot Server/cmake-build-debug/CMakeFiles/CMakeTmp“ wird betreten
Building CXX object CMakeFiles/cmTC_e8839.dir/feature_tests.cxx.o
/usr/bin/clang++    -std=c++1z -o CMakeFiles/cmTC_e8839.dir/feature_tests.cxx.o -c "/home/l/CLionProjects/Mandelbrot Server/cmake-build-debug/CMakeFiles/feature_tests.cxx"
Linking CXX executable cmTC_e8839
/home/l/.local/share/JetBrains/Toolbox/apps/CLion/ch-0/182.2574.4/bin/cmake/bin/cmake -E cmake_link_script CMakeFiles/cmTC_e8839.dir/link.txt --verbose=1
/usr/bin/clang++       CMakeFiles/cmTC_e8839.dir/feature_tests.cxx.o  -o cmTC_e8839 
make[1]: Verzeichnis „/home/l/CLionProjects/Mandelbrot Server/cmake-build-debug/CMakeFiles/CMakeTmp“ wird verlassen


    Feature record: CXX_FEATURE:1cxx_aggregate_default_initializers
    Feature record: CXX_FEATURE:1cxx_alias_templates
    Feature record: CXX_FEATURE:1cxx_alignas
    Feature record: CXX_FEATURE:1cxx_alignof
    Feature record: CXX_FEATURE:1cxx_attributes
    Feature record: CXX_FEATURE:1cxx_attribute_deprecated
    Feature record: CXX_FEATURE:1cxx_auto_type
    Feature record: CXX_FEATURE:1cxx_binary_literals
    Feature record: CXX_FEATURE:1cxx_constexpr
    Feature record: CXX_FEATURE:1cxx_contextual_conversions
    Feature record: CXX_FEATURE:1cxx_decltype
    Feature record: CXX_FEATURE:1cxx_decltype_auto
    Feature record: CXX_FEATURE:1cxx_decltype_incomplete_return_types
    Feature record: CXX_FEATURE:1cxx_default_function_template_args
    Feature record: CXX_FEATURE:1cxx_defaulted_functions
    Feature record: CXX_FEATURE:1cxx_defaulted_move_initializers
    Feature record: CXX_FEATURE:1cxx_delegating_constructors
    Feature record: CXX_FEATURE:1cxx_deleted_functions
    Feature record: CXX_FEATURE:1cxx_digit_separators
    Feature record: CXX_FEATURE:1cxx_enum_forward_declarations
    Feature record: CXX_FEATURE:1cxx_explicit_conversions
    Feature record: CXX_FEATURE:1cxx_extended_friend_declarations
    Feature record: CXX_FEATURE:1cxx_extern_templates
    Feature record: CXX_FEATURE:1cxx_final
    Feature record: CXX_FEATURE:1cxx_func_identifier
    Feature record: CXX_FEATURE:1cxx_generalized_initializers
    Feature record: CXX_FEATURE:1cxx_generic_lambdas
    Feature record: CXX_FEATURE:1cxx_inheriting_constructors
    Feature record: CXX_FEATURE:1cxx_inline_namespaces
    Feature record: CXX_FEATURE:1cxx_lambdas
    Feature record: CXX_FEATURE:1cxx_lambda_init_captures
    Feature record: CXX_FEATURE:1cxx_local_type_template_args
    Feature record: CXX_FEATURE:1cxx_long_long_type
    Feature record: CXX_FEATURE:1cxx_noexcept
    Feature record: CXX_FEATURE:1cxx_nonstatic_member_init
    Feature record: CXX_FEATURE:1cxx_nullptr
    Feature record: CXX_FEATURE:1cxx_override
    Feature record: CXX_FEATURE:1cxx_range_for
    Feature record: CXX_FEATURE:1cxx_raw_string_literals
    Feature record: CXX_FEATURE:1cxx_reference_qualified_functions
    Feature record: CXX_FEATURE:1cxx_relaxed_constexpr
    Feature record: CXX_FEATURE:1cxx_return_type_deduction
    Feature record: CXX_FEATURE:1cxx_right_angle_brackets
    Feature record: CXX_FEATURE:1cxx_rvalue_references
    Feature record: CXX_FEATURE:1cxx_sizeof_member
    Feature record: CXX_FEATURE:1cxx_static_assert
    Feature record: CXX_FEATURE:1cxx_strong_enums
    Feature record: CXX_FEATURE:1cxx_template_template_parameters
    Feature record: CXX_FEATURE:1cxx_thread_local
    Feature record: CXX_FEATURE:1cxx_trailing_return_types
    Feature record: CXX_FEATURE:1cxx_unicode_literals
    Feature record: CXX_FEATURE:1cxx_uniform_initialization
    Feature record: CXX_FEATURE:1cxx_unrestricted_unions
    Feature record: CXX_FEATURE:1cxx_user_literals
    Feature record: CXX_FEATURE:1cxx_variable_templates
    Feature record: CXX_FEATURE:1cxx_variadic_macros
    Feature record: CXX_FEATURE:1cxx_variadic_templates


Detecting CXX [-std=c++14] compiler features compiled with the following output:
Change Dir: /home/l/CLionProjects/Mandelbrot Server/cmake-build-debug/CMakeFiles/CMakeTmp

Run Build Command:"/usr/bin/make" "cmTC_b4b2c/fast"
/usr/bin/make -f CMakeFiles/cmTC_b4b2c.dir/build.make CMakeFiles/cmTC_b4b2c.dir/build
make[1]: Verzeichnis „/home/l/CLionProjects/Mandelbrot Server/cmake-build-debug/CMakeFiles/CMakeTmp“ wird betreten
Building CXX object CMakeFiles/cmTC_b4b2c.dir/feature_tests.cxx.o
/usr/bin/clang++    -std=c++14 -o CMakeFiles/cmTC_b4b2c.dir/feature_tests.cxx.o -c "/home/l/CLionProjects/Mandelbrot Server/cmake-build-debug/CMakeFiles/feature_tests.cxx"
Linking CXX executable cmTC_b4b2c
/home/l/.local/share/JetBrains/Toolbox/apps/CLion/ch-0/182.2574.4/bin/cmake/bin/cmake -E cmake_link_script CMakeFiles/cmTC_b4b2c.dir/link.txt --verbose=1
/usr/bin/clang++       CMakeFiles/cmTC_b4b2c.dir/feature_tests.cxx.o  -o cmTC_b4b2c 
make[1]: Verzeichnis „/home/l/CLionProjects/Mandelbrot Server/cmake-build-debug/CMakeFiles/CMakeTmp“ wird verlassen


    Feature record: CXX_FEATURE:1cxx_aggregate_default_initializers
    Feature record: CXX_FEATURE:1cxx_alias_templates
    Feature record: CXX_FEATURE:1cxx_alignas
    Feature record: CXX_FEATURE:1cxx_alignof
    Feature record: CXX_FEATURE:1cxx_attributes
    Feature record: CXX_FEATURE:1cxx_attribute_deprecated
    Feature record: CXX_FEATURE:1cxx_auto_type
    Feature record: CXX_FEATURE:1cxx_binary_literals
    Feature record: CXX_FEATURE:1cxx_constexpr
    Feature record: CXX_FEATURE:1cxx_contextual_conversions
    Feature record: CXX_FEATURE:1cxx_decltype
    Feature record: CXX_FEATURE:1cxx_decltype_auto
    Feature record: CXX_FEATURE:1cxx_decltype_incomplete_return_types
    Feature record: CXX_FEATURE:1cxx_default_function_template_args
    Feature record: CXX_FEATURE:1cxx_defaulted_functions
    Feature record: CXX_FEATURE:1cxx_defaulted_move_initializers
    Feature record: CXX_FEATURE:1cxx_delegating_constructors
    Feature record: CXX_FEATURE:1cxx_deleted_functions
    Feature record: CXX_FEATURE:1cxx_digit_separators
    Feature record: CXX_FEATURE:1cxx_enum_forward_declarations
    Feature record: CXX_FEATURE:1cxx_explicit_conversions
    Feature record: CXX_FEATURE:1cxx_extended_friend_declarations
    Feature record: CXX_FEATURE:1cxx_extern_templates
    Feature record: CXX_FEATURE:1cxx_final
    Feature record: CXX_FEATURE:1cxx_func_identifier
    Feature record: CXX_FEATURE:1cxx_generalized_initializers
    Feature record: CXX_FEATURE:1cxx_generic_lambdas
    Feature record: CXX_FEATURE:1cxx_inheriting_constructors
    Feature record: CXX_FEATURE:1cxx_inline_namespaces
    Feature record: CXX_FEATURE:1cxx_lambdas
    Feature record: CXX_FEATURE:1cxx_lambda_init_captures
    Feature record: CXX_FEATURE:1cxx_local_type_template_args
    Feature record: CXX_FEATURE:1cxx_long_long_type
    Feature record: CXX_FEATURE:1cxx_noexcept
    Feature record: CXX_FEATURE:1cxx_nonstatic_member_init
    Feature record: CXX_FEATURE:1cxx_nullptr
    Feature record: CXX_FEATURE:1cxx_override
    Feature record: CXX_FEATURE:1cxx_range_for
    Feature record: CXX_FEATURE:1cxx_raw_string_literals
    Feature record: CXX_FEATURE:1cxx_reference_qualified_functions
    Feature record: CXX_FEATURE:1cxx_relaxed_constexpr
    Feature record: CXX_FEATURE:1cxx_return_type_deduction
    Feature record: CXX_FEATURE:1cxx_right_angle_brackets
    Feature record: CXX_FEATURE:1cxx_rvalue_references
    Feature record: CXX_FEATURE:1cxx_sizeof_member
    Feature record: CXX_FEATURE:1cxx_static_assert
    Feature record: CXX_FEATURE:1cxx_strong_enums
    Feature record: CXX_FEATURE:1cxx_template_template_parameters
    Feature record: CXX_FEATURE:1cxx_thread_local
    Feature record: CXX_FEATURE:1cxx_trailing_return_types
    Feature record: CXX_FEATURE:1cxx_unicode_literals
    Feature record: CXX_FEATURE:1cxx_uniform_initialization
    Feature record: CXX_FEATURE:1cxx_unrestricted_unions
    Feature record: CXX_FEATURE:1cxx_user_literals
    Feature record: CXX_FEATURE:1cxx_variable_templates
    Feature record: CXX_FEATURE:1cxx_variadic_macros
    Feature record: CXX_FEATURE:1cxx_variadic_templates


Detecting CXX [-std=c++11] compiler features compiled with the following output:
Change Dir: /home/l/CLionProjects/Mandelbrot Server/cmake-build-debug/CMakeFiles/CMakeTmp

Run Build Command:"/usr/bin/make" "cmTC_30017/fast"
/usr/bin/make -f CMakeFiles/cmTC_30017.dir/build.make CMakeFiles/cmTC_30017.dir/build
make[1]: Verzeichnis „/home/l/CLionProjects/Mandelbrot Server/cmake-build-debug/CMakeFiles/CMakeTmp“ wird betreten
Building CXX object CMakeFiles/cmTC_30017.dir/feature_tests.cxx.o
/usr/bin/clang++    -std=c++11 -o CMakeFiles/cmTC_30017.dir/feature_tests.cxx.o -c "/home/l/CLionProjects/Mandelbrot Server/cmake-build-debug/CMakeFiles/feature_tests.cxx"
Linking CXX executable cmTC_30017
/home/l/.local/share/JetBrains/Toolbox/apps/CLion/ch-0/182.2574.4/bin/cmake/bin/cmake -E cmake_link_script CMakeFiles/cmTC_30017.dir/link.txt --verbose=1
/usr/bin/clang++       CMakeFiles/cmTC_30017.dir/feature_tests.cxx.o  -o cmTC_30017 
make[1]: Verzeichnis „/home/l/CLionProjects/Mandelbrot Server/cmake-build-debug/CMakeFiles/CMakeTmp“ wird verlassen


    Feature record: CXX_FEATURE:0cxx_aggregate_default_initializers
    Feature record: CXX_FEATURE:1cxx_alias_templates
    Feature record: CXX_FEATURE:1cxx_alignas
    Feature record: CXX_FEATURE:1cxx_alignof
    Feature record: CXX_FEATURE:1cxx_attributes
    Feature record: CXX_FEATURE:0cxx_attribute_deprecated
    Feature record: CXX_FEATURE:1cxx_auto_type
    Feature record: CXX_FEATURE:0cxx_binary_literals
    Feature record: CXX_FEATURE:1cxx_constexpr
    Feature record: CXX_FEATURE:0cxx_contextual_conversions
    Feature record: CXX_FEATURE:1cxx_decltype
    Feature record: CXX_FEATURE:0cxx_decltype_auto
    Feature record: CXX_FEATURE:1cxx_decltype_incomplete_return_types
    Feature record: CXX_FEATURE:1cxx_default_function_template_args
    Feature record: CXX_FEATURE:1cxx_defaulted_functions
    Feature record: CXX_FEATURE:1cxx_defaulted_move_initializers
    Feature record: CXX_FEATURE:1cxx_delegating_constructors
    Feature record: CXX_FEATURE:1cxx_deleted_functions
    Feature record: CXX_FEATURE:0cxx_digit_separators
    Feature record: CXX_FEATURE:1cxx_enum_forward_declarations
    Feature record: CXX_FEATURE:1cxx_explicit_conversions
    Feature record: CXX_FEATURE:1cxx_extended_friend_declarations
    Feature record: CXX_FEATURE:1cxx_extern_templates
    Feature record: CXX_FEATURE:1cxx_final
    Feature record: CXX_FEATURE:1cxx_func_identifier
    Feature record: CXX_FEATURE:1cxx_generalized_initializers
    Feature record: CXX_FEATURE:0cxx_generic_lambdas
    Feature record: CXX_FEATURE:1cxx_inheriting_constructors
    Feature record: CXX_FEATURE:1cxx_inline_namespaces
    Feature record: CXX_FEATURE:1cxx_lambdas
    Feature record: CXX_FEATURE:0cxx_lambda_init_captures
    Feature record: CXX_FEATURE:1cxx_local_type_template_args
    Feature record: CXX_FEATURE:1cxx_long_long_type
    Feature record: CXX_FEATURE:1cxx_noexcept
    Feature record: CXX_FEATURE:1cxx_nonstatic_member_init
    Feature record: CXX_FEATURE:1cxx_nullptr
    Feature record: CXX_FEATURE:1cxx_override
    Feature record: CXX_FEATURE:1cxx_range_for
    Feature record: CXX_FEATURE:1cxx_raw_string_literals
    Feature record: CXX_FEATURE:1cxx_reference_qualified_functions
    Feature record: CXX_FEATURE:0cxx_relaxed_constexpr
    Feature record: CXX_FEATURE:0cxx_return_type_deduction
    Feature record: CXX_FEATURE:1cxx_right_angle_brackets
    Feature record: CXX_FEATURE:1cxx_rvalue_references
    Feature record: CXX_FEATURE:1cxx_sizeof_member
    Feature record: CXX_FEATURE:1cxx_static_assert
    Feature record: CXX_FEATURE:1cxx_strong_enums
    Feature record: CXX_FEATURE:1cxx_template_template_parameters
    Feature record: CXX_FEATURE:1cxx_thread_local
    Feature record: CXX_FEATURE:1cxx_trailing_return_types
    Feature record: CXX_FEATURE:1cxx_unicode_literals
    Feature record: CXX_FEATURE:1cxx_uniform_initialization
    Feature record: CXX_FEATURE:1cxx_unrestricted_unions
    Feature record: CXX_FEATURE:1cxx_user_literals
    Feature record: CXX_FEATURE:0cxx_variable_templates
    Feature record: CXX_FEATURE:1cxx_variadic_macros
    Feature record: CXX_FEATURE:1cxx_variadic_templates


Detecting CXX [-std=c++98] compiler features compiled with the following output:
Change Dir: /home/l/CLionProjects/Mandelbrot Server/cmake-build-debug/CMakeFiles/CMakeTmp

Run Build Command:"/usr/bin/make" "cmTC_9d3c8/fast"
/usr/bin/make -f CMakeFiles/cmTC_9d3c8.dir/build.make CMakeFiles/cmTC_9d3c8.dir/build
make[1]: Verzeichnis „/home/l/CLionProjects/Mandelbrot Server/cmake-build-debug/CMakeFiles/CMakeTmp“ wird betreten
Building CXX object CMakeFiles/cmTC_9d3c8.dir/feature_tests.cxx.o
/usr/bin/clang++    -std=c++98 -o CMakeFiles/cmTC_9d3c8.dir/feature_tests.cxx.o -c "/home/l/CLionProjects/Mandelbrot Server/cmake-build-debug/CMakeFiles/feature_tests.cxx"
Linking CXX executable cmTC_9d3c8
/home/l/.local/share/JetBrains/Toolbox/apps/CLion/ch-0/182.2574.4/bin/cmake/bin/cmake -E cmake_link_script CMakeFiles/cmTC_9d3c8.dir/link.txt --verbose=1
/usr/bin/clang++       CMakeFiles/cmTC_9d3c8.dir/feature_tests.cxx.o  -o cmTC_9d3c8 
make[1]: Verzeichnis „/home/l/CLionProjects/Mandelbrot Server/cmake-build-debug/CMakeFiles/CMakeTmp“ wird verlassen


    Feature record: CXX_FEATURE:0cxx_aggregate_default_initializers
    Feature record: CXX_FEATURE:0cxx_alias_templates
    Feature record: CXX_FEATURE:0cxx_alignas
    Feature record: CXX_FEATURE:0cxx_alignof
    Feature record: CXX_FEATURE:0cxx_attributes
    Feature record: CXX_FEATURE:0cxx_attribute_deprecated
    Feature record: CXX_FEATURE:0cxx_auto_type
    Feature record: CXX_FEATURE:0cxx_binary_literals
    Feature record: CXX_FEATURE:0cxx_constexpr
    Feature record: CXX_FEATURE:0cxx_contextual_conversions
    Feature record: CXX_FEATURE:0cxx_decltype
    Feature record: CXX_FEATURE:0cxx_decltype_auto
    Feature record: CXX_FEATURE:0cxx_decltype_incomplete_return_types
    Feature record: CXX_FEATURE:0cxx_default_function_template_args
    Feature record: CXX_FEATURE:0cxx_defaulted_functions
    Feature record: CXX_FEATURE:0cxx_defaulted_move_initializers
    Feature record: CXX_FEATURE:0cxx_delegating_constructors
    Feature record: CXX_FEATURE:0cxx_deleted_functions
    Feature record: CXX_FEATURE:0cxx_digit_separators
    Feature record: CXX_FEATURE:0cxx_enum_forward_declarations
    Feature record: CXX_FEATURE:0cxx_explicit_conversions
    Feature record: CXX_FEATURE:0cxx_extended_friend_declarations
    Feature record: CXX_FEATURE:0cxx_extern_templates
    Feature record: CXX_FEATURE:0cxx_final
    Feature record: CXX_FEATURE:0cxx_func_identifier
    Feature record: CXX_FEATURE:0cxx_generalized_initializers
    Feature record: CXX_FEATURE:0cxx_generic_lambdas
    Feature record: CXX_FEATURE:0cxx_inheriting_constructors
    Feature record: CXX_FEATURE:0cxx_inline_namespaces
    Feature record: CXX_FEATURE:0cxx_lambdas
    Feature record: CXX_FEATURE:0cxx_lambda_init_captures
    Feature record: CXX_FEATURE:0cxx_local_type_template_args
    Feature record: CXX_FEATURE:0cxx_long_long_type
    Feature record: CXX_FEATURE:0cxx_noexcept
    Feature record: CXX_FEATURE:0cxx_nonstatic_member_init
    Feature record: CXX_FEATURE:0cxx_nullptr
    Feature record: CXX_FEATURE:0cxx_override
    Feature record: CXX_FEATURE:0cxx_range_for
    Feature record: CXX_FEATURE:0cxx_raw_string_literals
    Feature record: CXX_FEATURE:0cxx_reference_qualified_functions
    Feature record: CXX_FEATURE:0cxx_relaxed_constexpr
    Feature record: CXX_FEATURE:0cxx_return_type_deduction
    Feature record: CXX_FEATURE:0cxx_right_angle_brackets
    Feature record: CXX_FEATURE:0cxx_rvalue_references
    Feature record: CXX_FEATURE:0cxx_sizeof_member
    Feature record: CXX_FEATURE:0cxx_static_assert
    Feature record: CXX_FEATURE:0cxx_strong_enums
    Feature record: CXX_FEATURE:1cxx_template_template_parameters
    Feature record: CXX_FEATURE:0cxx_thread_local
    Feature record: CXX_FEATURE:0cxx_trailing_return_types
    Feature record: CXX_FEATURE:0cxx_unicode_literals
    Feature record: CXX_FEATURE:0cxx_uniform_initialization
    Feature record: CXX_FEATURE:0cxx_unrestricted_unions
    Feature record: CXX_FEATURE:0cxx_user_literals
    Feature record: CXX_FEATURE:0cxx_variable_templates
    Feature record: CXX_FEATURE:0cxx_variadic_macros
    Feature record: CXX_FEATURE:0cxx_variadic_templates
Determining if the include file pthread.h exists passed with the following output:
Change Dir: /home/l/CLionProjects/Mandelbrot Server/cmake-build-debug/CMakeFiles/CMakeTmp

Run Build Command:"/usr/bin/make" "cmTC_c8671/fast"
/usr/bin/make -f CMakeFiles/cmTC_c8671.dir/build.make CMakeFiles/cmTC_c8671.dir/build
make[1]: Verzeichnis „/home/l/CLionProjects/Mandelbrot Server/cmake-build-debug/CMakeFiles/CMakeTmp“ wird betreten
Building C object CMakeFiles/cmTC_c8671.dir/CheckIncludeFile.c.o
/usr/bin/clang    -o CMakeFiles/cmTC_c8671.dir/CheckIncludeFile.c.o   -c "/home/l/CLionProjects/Mandelbrot Server/cmake-build-debug/CMakeFiles/CMakeTmp/CheckIncludeFile.c"
Linking C executable cmTC_c8671
/home/l/.local/share/JetBrains/Toolbox/apps/CLion/ch-0/182.2574.4/bin/cmake/bin/cmake -E cmake_link_script CMakeFiles/cmTC_c8671.dir/link.txt --verbose=1
/usr/bin/clang      -rdynamic CMakeFiles/cmTC_c8671.dir/CheckIncludeFile.c.o  -o cmTC_c8671 
make[1]: Verzeichnis „/home/l/CLionProjects/Mandelbrot Server/cmake-build-debug/CMakeFiles/CMakeTmp“ wird verlassen


Determining if the function pthread_create exists in the pthread passed with the following output:
Change Dir: /home/l/CLionProjects/Mandelbrot Server/cmake-build-debug/CMakeFiles/CMakeTmp

Run Build Command:"/usr/bin/make" "cmTC_c6215/fast"
/usr/bin/make -f CMakeFiles/cmTC_c6215.dir/build.make CMakeFiles/cmTC_c6215.dir/build
make[1]: Verzeichnis „/home/l/CLionProjects/Mandelbrot Server/cmake-build-debug/CMakeFiles/CMakeTmp“ wird betreten
Building C object CMakeFiles/cmTC_c6215.dir/CheckFunctionExists.c.o
/usr/bin/clang   -DCHECK_FUNCTION_EXISTS=pthread_create   -o CMakeFiles/cmTC_c6215.dir/CheckFunctionExists.c.o   -c /home/l/.local/share/JetBrains/Toolbox/apps/CLion/ch-0/182.2574.4/bin/cmake/share/cmake-3.11/Modules/CheckFunctionExists.c
Linking C executable cmTC_c6215
/home/l/.local/share/JetBrains/Toolbox/apps/CLion/ch-0/182.2574.4/bin/cmake/bin/cmake -E cmake_link_script CMakeFiles/cmTC_c6215.dir/link.txt --verbose=1
/usr/bin/clang  -DCHECK_FUNCTION_EXISTS=pthread_create    -rdynamic CMakeFiles/cmTC_c6215.dir/CheckFunctionExists.c.o  -o cmTC_c6215 -lpthread 
make[1]: Verzeichnis „/home/l/CLionProjects/Mandelbrot Server/cmake-build-debug/CMakeFiles/CMakeTmp“ wird verlassen


